C51 COMPILER V9.53.0.0   LED_ON                                                            12/19/2018 15:48:38 PAGE 1   


C51 COMPILER V9.53.0.0, COMPILATION OF MODULE LED_ON
OBJECT MODULE PLACED IN LED_ON.OBJ
COMPILER INVOKED BY: C:\Keil_v5\C51\BIN\C51.EXE LED_ON.c OPTIMIZE(8,SPEED) BROWSE DEBUG OBJECTEXTEND TABS(2)

line level    source

   1          #include<reg51.h>
   2          void delay(int x)
   3          {
   4   1        int i,j;
   5   1        for(i=0;i<x;i++)
   6   1          for(j=0;j<115;j++);
   7   1      }
   8          
   9          sbit LED = P2^0;
  10          
  11          void main()
  12          {
  13   1        while(1)
  14   1        {
  15   2          LED =~ LED;
  16   2          delay(500);
  17   2        }
  18   1      }


MODULE INFORMATION:   STATIC OVERLAYABLE
   CODE SIZE        =     49    ----
   CONSTANT SIZE    =   ----    ----
   XDATA SIZE       =   ----    ----
   PDATA SIZE       =   ----    ----
   DATA SIZE        =   ----    ----
   IDATA SIZE       =   ----    ----
   BIT SIZE         =   ----    ----
END OF MODULE INFORMATION.


C51 COMPILATION COMPLETE.  0 WARNING(S),  0 ERROR(S)
